{"numTotalTestSuites":150,"numPassedTestSuites":145,"numFailedTestSuites":5,"numPendingTestSuites":0,"numTotalTests":403,"numPassedTests":402,"numFailedTests":1,"numPendingTests":0,"numTodoTests":0,"snapshot":{"added":0,"failure":false,"filesAdded":0,"filesRemoved":0,"filesRemovedList":[],"filesUnmatched":0,"filesUpdated":0,"matched":0,"total":0,"unchecked":0,"uncheckedKeysByFile":[],"unmatched":0,"updated":0,"didUpdate":false},"startTime":1768643632496,"success":false,"testResults":[{"assertionResults":[{"ancestorTitles":["CommandExecutor","Platform Detection"],"fullName":"CommandExecutor Platform Detection should return a valid platform","status":"passed","title":"should return a valid platform","duration":3.144399999999905,"failureMessages":[],"meta":{}},{"ancestorTitles":["CommandExecutor","Platform Detection"],"fullName":"CommandExecutor Platform Detection should have consistent platform checks","status":"passed","title":"should have consistent platform checks","duration":0.5035000000000309,"failureMessages":[],"meta":{}},{"ancestorTitles":["CommandExecutor","getWhichCommand"],"fullName":"CommandExecutor getWhichCommand should return platform-specific which command","status":"passed","title":"should return platform-specific which command","duration":0.28960000000006403,"failureMessages":[],"meta":{}},{"ancestorTitles":["CommandExecutor","getWhichCommand"],"fullName":"CommandExecutor getWhichCommand should always include the tool name in the command","status":"passed","title":"should always include the tool name in the command","duration":10.422000000000025,"failureMessages":[],"meta":{}},{"ancestorTitles":["CommandExecutor","normalizePath"],"fullName":"CommandExecutor normalizePath should handle empty paths","status":"passed","title":"should handle empty paths","duration":0.5261000000000422,"failureMessages":[],"meta":{}},{"ancestorTitles":["CommandExecutor","normalizePath"],"fullName":"CommandExecutor normalizePath should trim whitespace from paths","status":"passed","title":"should trim whitespace from paths","duration":0.9563000000000557,"failureMessages":[],"meta":{}},{"ancestorTitles":["CommandExecutor","normalizePath"],"fullName":"CommandExecutor normalizePath should always trim whitespace from paths","status":"passed","title":"should always trim whitespace from paths","duration":2.185999999999922,"failureMessages":[],"meta":{}},{"ancestorTitles":["CommandExecutor","normalizePath"],"fullName":"CommandExecutor normalizePath should normalize path separators based on platform","status":"passed","title":"should normalize path separators based on platform","duration":0.45040000000017244,"failureMessages":[],"meta":{}},{"ancestorTitles":["CommandExecutor","execute"],"fullName":"CommandExecutor execute should execute a simple command successfully","status":"passed","title":"should execute a simple command successfully","duration":81.10799999999995,"failureMessages":[],"meta":{}},{"ancestorTitles":["CommandExecutor","execute"],"fullName":"CommandExecutor execute should handle command not found","status":"passed","title":"should handle command not found","duration":49.900499999999965,"failureMessages":[],"meta":{}},{"ancestorTitles":["CommandExecutor","execute"],"fullName":"CommandExecutor execute should handle timeout","status":"passed","title":"should handle timeout","duration":121.02019999999993,"failureMessages":[],"meta":{}},{"ancestorTitles":["CommandExecutor","executeSafe"],"fullName":"CommandExecutor executeSafe should never throw for any command","status":"passed","title":"should never throw for any command","duration":206.4170999999999,"failureMessages":[],"meta":{}},{"ancestorTitles":["CommandExecutor","executeSafe"],"fullName":"CommandExecutor executeSafe should always return a valid CommandResult structure","status":"passed","title":"should always return a valid CommandResult structure","duration":8.937799999999697,"failureMessages":[],"meta":{}},{"ancestorTitles":["CommandExecutor","CommandExecutor class"],"fullName":"CommandExecutor CommandExecutor class should execute commands","status":"passed","title":"should execute commands","duration":45.7511999999997,"failureMessages":[],"meta":{}},{"ancestorTitles":["CommandExecutor","CommandExecutor class"],"fullName":"CommandExecutor CommandExecutor class should get platform","status":"passed","title":"should get platform","duration":0.33120000000008076,"failureMessages":[],"meta":{}},{"ancestorTitles":["CommandExecutor","CommandExecutor class"],"fullName":"CommandExecutor CommandExecutor class should check if Windows","status":"passed","title":"should check if Windows","duration":0.18059999999968568,"failureMessages":[],"meta":{}},{"ancestorTitles":["CommandExecutor","CommandExecutor class"],"fullName":"CommandExecutor CommandExecutor class should get platform command","status":"passed","title":"should get platform command","duration":0.14529999999967913,"failureMessages":[],"meta":{}}],"startTime":1768643636432,"endTime":1768643636966.1807,"status":"passed","message":"","name":"C:/Users/81809/Desktop/娓呴亾澶?Dev-Janitor/src/main/commandExecutor.test.ts"},{"assertionResults":[{"ancestorTitles":["DetectionEngine","parseVersion"],"fullName":"DetectionEngine parseVersion should parse Node.js style version (v18.17.0)","status":"passed","title":"should parse Node.js style version (v18.17.0)","duration":2.8733000000001994,"failureMessages":[],"meta":{}},{"ancestorTitles":["DetectionEngine","parseVersion"],"fullName":"DetectionEngine parseVersion should parse npm style version (9.8.1)","status":"passed","title":"should parse npm style version (9.8.1)","duration":0.6811999999999898,"failureMessages":[],"meta":{}},{"ancestorTitles":["DetectionEngine","parseVersion"],"fullName":"DetectionEngine parseVersion should parse Python style version (Python 3.11.4)","status":"passed","title":"should parse Python style version (Python 3.11.4)","duration":0.44610000000011496,"failureMessages":[],"meta":{}},{"ancestorTitles":["DetectionEngine","parseVersion"],"fullName":"DetectionEngine parseVersion should parse PHP style version (PHP 8.2.0)","status":"passed","title":"should parse PHP style version (PHP 8.2.0)","duration":0.4288000000001375,"failureMessages":[],"meta":{}},{"ancestorTitles":["DetectionEngine","parseVersion"],"fullName":"DetectionEngine parseVersion should parse Composer style version","status":"passed","title":"should parse Composer style version","duration":0.4404999999997017,"failureMessages":[],"meta":{}},{"ancestorTitles":["DetectionEngine","parseVersion"],"fullName":"DetectionEngine parseVersion should handle empty input","status":"passed","title":"should handle empty input","duration":0.5158000000001266,"failureMessages":[],"meta":{}},{"ancestorTitles":["DetectionEngine","parseVersion"],"fullName":"DetectionEngine parseVersion should handle null/undefined input","status":"passed","title":"should handle null/undefined input","duration":0.340900000000147,"failureMessages":[],"meta":{}},{"ancestorTitles":["DetectionEngine","parseVersion"],"fullName":"DetectionEngine parseVersion should handle version with prerelease tag","status":"passed","title":"should handle version with prerelease tag","duration":0.3467000000000553,"failureMessages":[],"meta":{}},{"ancestorTitles":["DetectionEngine","parseVersion"],"fullName":"DetectionEngine parseVersion should always return a ParsedVersion object","status":"passed","title":"should always return a ParsedVersion object","duration":12.307800000000043,"failureMessages":[],"meta":{}},{"ancestorTitles":["DetectionEngine","parseVersion"],"fullName":"DetectionEngine parseVersion should parse valid semver strings","status":"passed","title":"should parse valid semver strings","duration":1.7411999999999352,"failureMessages":[],"meta":{}},{"ancestorTitles":["DetectionEngine","detectInstallMethod"],"fullName":"DetectionEngine detectInstallMethod should detect homebrew installation","status":"passed","title":"should detect homebrew installation","duration":0.6425999999996748,"failureMessages":[],"meta":{}},{"ancestorTitles":["DetectionEngine","detectInstallMethod"],"fullName":"DetectionEngine detectInstallMethod should detect chocolatey installation","status":"passed","title":"should detect chocolatey installation","duration":0.4232999999999265,"failureMessages":[],"meta":{}},{"ancestorTitles":["DetectionEngine","detectInstallMethod"],"fullName":"DetectionEngine detectInstallMethod should detect npm installation","status":"passed","title":"should detect npm installation","duration":0.3451999999997497,"failureMessages":[],"meta":{}},{"ancestorTitles":["DetectionEngine","detectInstallMethod"],"fullName":"DetectionEngine detectInstallMethod should detect pip installation","status":"passed","title":"should detect pip installation","duration":0.3036000000001877,"failureMessages":[],"meta":{}},{"ancestorTitles":["DetectionEngine","detectInstallMethod"],"fullName":"DetectionEngine detectInstallMethod should return manual for unknown paths","status":"passed","title":"should return manual for unknown paths","duration":0.28389999999990323,"failureMessages":[],"meta":{}},{"ancestorTitles":["DetectionEngine","detectInstallMethod"],"fullName":"DetectionEngine detectInstallMethod should handle null path","status":"passed","title":"should handle null path","duration":0.3204000000000633,"failureMessages":[],"meta":{}},{"ancestorTitles":["DetectionEngine","DetectionEngine class","detectNodeJS"],"fullName":"DetectionEngine DetectionEngine class detectNodeJS should return a valid ToolInfo structure","status":"passed","title":"should return a valid ToolInfo structure","duration":686.9547000000002,"failureMessages":[],"meta":{}},{"ancestorTitles":["DetectionEngine","DetectionEngine class","detectNpm"],"fullName":"DetectionEngine DetectionEngine class detectNpm should return a valid ToolInfo structure","status":"passed","title":"should return a valid ToolInfo structure","duration":845.1215000000002,"failureMessages":[],"meta":{}},{"ancestorTitles":["DetectionEngine","DetectionEngine class","detectPython"],"fullName":"DetectionEngine DetectionEngine class detectPython should return a valid ToolInfo structure","status":"passed","title":"should return a valid ToolInfo structure","duration":280.0675000000001,"failureMessages":[],"meta":{}},{"ancestorTitles":["DetectionEngine","DetectionEngine class","detectPip"],"fullName":"DetectionEngine DetectionEngine class detectPip should return a valid ToolInfo structure","status":"passed","title":"should return a valid ToolInfo structure","duration":959.7629000000002,"failureMessages":[],"meta":{}},{"ancestorTitles":["DetectionEngine","DetectionEngine class","detectPHP"],"fullName":"DetectionEngine DetectionEngine class detectPHP should return a valid ToolInfo structure","status":"passed","title":"should return a valid ToolInfo structure","duration":292.64140000000043,"failureMessages":[],"meta":{}},{"ancestorTitles":["DetectionEngine","DetectionEngine class","detectComposer"],"fullName":"DetectionEngine DetectionEngine class detectComposer should return a valid ToolInfo structure","status":"passed","title":"should return a valid ToolInfo structure","duration":46.343799999999646,"failureMessages":[],"meta":{}},{"ancestorTitles":["DetectionEngine","DetectionEngine class","detectTool"],"fullName":"DetectionEngine DetectionEngine class detectTool should route to correct detection method","status":"passed","title":"should route to correct detection method","duration":960.3274999999994,"failureMessages":[],"meta":{}},{"ancestorTitles":["DetectionEngine","DetectionEngine class","detectTool"],"fullName":"DetectionEngine DetectionEngine class detectTool should handle case-insensitive tool names","status":"passed","title":"should handle case-insensitive tool names","duration":779.6821999999993,"failureMessages":[],"meta":{}},{"ancestorTitles":["DetectionEngine","DetectionEngine class","detectTool"],"fullName":"DetectionEngine DetectionEngine class detectTool should detect custom tools","status":"passed","title":"should detect custom tools","duration":220.2554,"failureMessages":[],"meta":{}},{"ancestorTitles":["DetectionEngine","DetectionEngine class","detectAllTools"],"fullName":"DetectionEngine DetectionEngine class detectAllTools should return an array of ToolInfo objects","status":"failed","title":"should return an array of ToolInfo objects","duration":1979.1996000000008,"failureMessages":["AssertionError: expected 19 to be 6 // Object.is equality\n    at C:\\Users\\81809\\Desktop\\娓呴亾澶玕\Dev-Janitor\\src\\main\\detectionEngine.test.ts:269:32\n    at processTicksAndRejections (node:internal/process/task_queues:103:5)\n    at file:///C:/Users/81809/Desktop/%E6%B8%85%E9%81%93%E5%A4%AB/Dev-Janitor/node_modules/@vitest/runner/dist/index.js:533:5\n    at runTest (file:///C:/Users/81809/Desktop/%E6%B8%85%E9%81%93%E5%A4%AB/Dev-Janitor/node_modules/@vitest/runner/dist/index.js:1056:11)\n    at runSuite (file:///C:/Users/81809/Desktop/%E6%B8%85%E9%81%93%E5%A4%AB/Dev-Janitor/node_modules/@vitest/runner/dist/index.js:1205:15)\n    at runSuite (file:///C:/Users/81809/Desktop/%E6%B8%85%E9%81%93%E5%A4%AB/Dev-Janitor/node_modules/@vitest/runner/dist/index.js:1205:15)\n    at runSuite (file:///C:/Users/81809/Desktop/%E6%B8%85%E9%81%93%E5%A4%AB/Dev-Janitor/node_modules/@vitest/runner/dist/index.js:1205:15)\n    at runSuite (file:///C:/Users/81809/Desktop/%E6%B8%85%E9%81%93%E5%A4%AB/Dev-Janitor/node_modules/@vitest/runner/dist/index.js:1205:15)\n    at runFiles (file:///C:/Users/81809/Desktop/%E6%B8%85%E9%81%93%E5%A4%AB/Dev-Janitor/node_modules/@vitest/runner/dist/index.js:1262:5)\n    at startTests (file:///C:/Users/81809/Desktop/%E6%B8%85%E9%81%93%E5%A4%AB/Dev-Janitor/node_modules/@vitest/runner/dist/index.js:1271:3)"],"meta":{}},{"ancestorTitles":["DetectionEngine","DetectionEngine class","detectAllTools"],"fullName":"DetectionEngine DetectionEngine class detectAllTools should detect tools in parallel","status":"passed","title":"should detect tools in parallel","duration":1793.405499999999,"failureMessages":[],"meta":{}},{"ancestorTitles":["DetectionEngine","DetectionEngine class","detectCustomTool"],"fullName":"DetectionEngine DetectionEngine class detectCustomTool should detect a custom tool with version flag","status":"passed","title":"should detect a custom tool with version flag","duration":203.14860000000044,"failureMessages":[],"meta":{}},{"ancestorTitles":["DetectionEngine","DetectionEngine class","detectCustomTool"],"fullName":"DetectionEngine DetectionEngine class detectCustomTool should handle non-existent tools gracefully","status":"passed","title":"should handle non-existent tools gracefully","duration":38.45269999999982,"failureMessages":[],"meta":{}},{"ancestorTitles":["DetectionEngine","DetectionEngine class","detectCustomTool"],"fullName":"DetectionEngine DetectionEngine class detectCustomTool should never throw for any tool name","status":"passed","title":"should never throw for any tool name","duration":9.080299999999625,"failureMessages":[],"meta":{}},{"ancestorTitles":["DetectionEngine","Property Tests"],"fullName":"DetectionEngine Property Tests Property 1: installed tools should have version and path","status":"passed","title":"Property 1: installed tools should have version and path","duration":1656.853799999999,"failureMessages":[],"meta":{}},{"ancestorTitles":["DetectionEngine","Property Tests"],"fullName":"DetectionEngine Property Tests Property 2: unavailable tools should be marked as not installed","status":"passed","title":"Property 2: unavailable tools should be marked as not installed","duration":1616.6006000000016,"failureMessages":[],"meta":{}},{"ancestorTitles":["DetectionEngine","Property Tests"],"fullName":"DetectionEngine Property Tests Property 7: all tools should have exactly one category","status":"passed","title":"Property 7: all tools should have exactly one category","duration":1619.9668000000001,"failureMessages":[],"meta":{}}],"startTime":1768643635177,"endTime":1768643649189.9668,"status":"failed","message":"","name":"C:/Users/81809/Desktop/娓呴亾澶?Dev-Janitor/src/main/detectionEngine.test.ts"},{"assertionResults":[{"ancestorTitles":["EnvironmentScanner","categorizeVariable"],"fullName":"EnvironmentScanner categorizeVariable should categorize PATH as path","status":"passed","title":"should categorize PATH as path","duration":2.706000000000131,"failureMessages":[],"meta":{}},{"ancestorTitles":["EnvironmentScanner","categorizeVariable"],"fullName":"EnvironmentScanner categorizeVariable should categorize Java-related variables","status":"passed","title":"should categorize Java-related variables","duration":0.8101999999998952,"failureMessages":[],"meta":{}},{"ancestorTitles":["EnvironmentScanner","categorizeVariable"],"fullName":"EnvironmentScanner categorizeVariable should categorize Python-related variables","status":"passed","title":"should categorize Python-related variables","duration":0.8341000000000349,"failureMessages":[],"meta":{}},{"ancestorTitles":["EnvironmentScanner","categorizeVariable"],"fullName":"EnvironmentScanner categorizeVariable should categorize Node-related variables","status":"passed","title":"should categorize Node-related variables","duration":0.6135999999996784,"failureMessages":[],"meta":{}},{"ancestorTitles":["EnvironmentScanner","categorizeVariable"],"fullName":"EnvironmentScanner categorizeVariable should categorize unknown variables as other","status":"passed","title":"should categorize unknown variables as other","duration":0.4780000000000655,"failureMessages":[],"meta":{}},{"ancestorTitles":["EnvironmentScanner","isSystemVariable"],"fullName":"EnvironmentScanner isSystemVariable should identify common system variables","status":"passed","title":"should identify common system variables","duration":0.7943000000000211,"failureMessages":[],"meta":{}},{"ancestorTitles":["EnvironmentScanner","isSystemVariable"],"fullName":"EnvironmentScanner isSystemVariable should identify Windows system variables","status":"passed","title":"should identify Windows system variables","duration":0.5315999999997985,"failureMessages":[],"meta":{}},{"ancestorTitles":["EnvironmentScanner","isSystemVariable"],"fullName":"EnvironmentScanner isSystemVariable should identify variables with system paths","status":"passed","title":"should identify variables with system paths","duration":0.479200000000219,"failureMessages":[],"meta":{}},{"ancestorTitles":["EnvironmentScanner","isSystemVariable"],"fullName":"EnvironmentScanner isSystemVariable should not identify user variables as system","status":"passed","title":"should not identify user variables as system","duration":0.5055999999999585,"failureMessages":[],"meta":{}},{"ancestorTitles":["EnvironmentScanner","getAllEnvironmentVariables"],"fullName":"EnvironmentScanner getAllEnvironmentVariables should return an array of environment variables","status":"passed","title":"should return an array of environment variables","duration":24.923499999999876,"failureMessages":[],"meta":{}},{"ancestorTitles":["EnvironmentScanner","getAllEnvironmentVariables"],"fullName":"EnvironmentScanner getAllEnvironmentVariables should include PATH variable","status":"passed","title":"should include PATH variable","duration":2.1774999999997817,"failureMessages":[],"meta":{}},{"ancestorTitles":["EnvironmentScanner","getAllEnvironmentVariables"],"fullName":"EnvironmentScanner getAllEnvironmentVariables should have proper structure for each variable","status":"passed","title":"should have proper structure for each variable","duration":89.64480000000003,"failureMessages":[],"meta":{}},{"ancestorTitles":["EnvironmentScanner","getAllEnvironmentVariables"],"fullName":"EnvironmentScanner getAllEnvironmentVariables should be sorted by key","status":"passed","title":"should be sorted by key","duration":4.155299999999897,"failureMessages":[],"meta":{}},{"ancestorTitles":["EnvironmentScanner","getPathEntries"],"fullName":"EnvironmentScanner getPathEntries should return an array of path entries","status":"passed","title":"should return an array of path entries","duration":1.1165000000000873,"failureMessages":[],"meta":{}},{"ancestorTitles":["EnvironmentScanner","getPathEntries"],"fullName":"EnvironmentScanner getPathEntries should not include empty entries","status":"passed","title":"should not include empty entries","duration":1.7434000000002925,"failureMessages":[],"meta":{}},{"ancestorTitles":["EnvironmentScanner","findDuplicatePathEntries"],"fullName":"EnvironmentScanner findDuplicatePathEntries should return empty array when no duplicates","status":"passed","title":"should return empty array when no duplicates","duration":0.9565999999999804,"failureMessages":[],"meta":{}},{"ancestorTitles":["EnvironmentScanner","findDuplicatePathEntries"],"fullName":"EnvironmentScanner findDuplicatePathEntries should detect duplicates correctly","status":"passed","title":"should detect duplicates correctly","duration":1.3702000000002954,"failureMessages":[],"meta":{}},{"ancestorTitles":["EnvironmentScanner","getServiceRelatedVariables"],"fullName":"EnvironmentScanner getServiceRelatedVariables should return service-related variables","status":"passed","title":"should return service-related variables","duration":3.090599999999995,"failureMessages":[],"meta":{}},{"ancestorTitles":["EnvironmentScanner","getServiceRelatedVariables"],"fullName":"EnvironmentScanner getServiceRelatedVariables should only include service-related patterns","status":"passed","title":"should only include service-related patterns","duration":8.121999999999844,"failureMessages":[],"meta":{}},{"ancestorTitles":["EnvironmentScanner","filterByCategory"],"fullName":"EnvironmentScanner filterByCategory should filter by path category","status":"passed","title":"should filter by path category","duration":2.323699999999917,"failureMessages":[],"meta":{}},{"ancestorTitles":["EnvironmentScanner","filterByCategory"],"fullName":"EnvironmentScanner filterByCategory should filter by other category","status":"passed","title":"should filter by other category","duration":3.4909999999999854,"failureMessages":[],"meta":{}},{"ancestorTitles":["EnvironmentScanner","filterByCategory"],"fullName":"EnvironmentScanner filterByCategory should return empty array for category with no matches","status":"passed","title":"should return empty array for category with no matches","duration":3.0169999999998254,"failureMessages":[],"meta":{}},{"ancestorTitles":["EnvironmentScanner","searchVariables"],"fullName":"EnvironmentScanner searchVariables should return all variables for empty query","status":"passed","title":"should return all variables for empty query","duration":3.3271999999997206,"failureMessages":[],"meta":{}},{"ancestorTitles":["EnvironmentScanner","searchVariables"],"fullName":"EnvironmentScanner searchVariables should find variables by key","status":"passed","title":"should find variables by key","duration":4.025700000000143,"failureMessages":[],"meta":{}},{"ancestorTitles":["EnvironmentScanner","searchVariables"],"fullName":"EnvironmentScanner searchVariables should be case-insensitive","status":"passed","title":"should be case-insensitive","duration":4.490200000000186,"failureMessages":[],"meta":{}},{"ancestorTitles":["EnvironmentScanner","getVariable"],"fullName":"EnvironmentScanner getVariable should return PATH variable","status":"passed","title":"should return PATH variable","duration":1.1179999999999382,"failureMessages":[],"meta":{}},{"ancestorTitles":["EnvironmentScanner","getVariable"],"fullName":"EnvironmentScanner getVariable should return null for non-existent variable","status":"passed","title":"should return null for non-existent variable","duration":0.5536000000001877,"failureMessages":[],"meta":{}},{"ancestorTitles":["EnvironmentScanner","EnvironmentScanner class"],"fullName":"EnvironmentScanner EnvironmentScanner class should get all environment variables","status":"passed","title":"should get all environment variables","duration":2.938999999999851,"failureMessages":[],"meta":{}},{"ancestorTitles":["EnvironmentScanner","EnvironmentScanner class"],"fullName":"EnvironmentScanner EnvironmentScanner class should get PATH entries","status":"passed","title":"should get PATH entries","duration":1.0842999999999847,"failureMessages":[],"meta":{}},{"ancestorTitles":["EnvironmentScanner","EnvironmentScanner class"],"fullName":"EnvironmentScanner EnvironmentScanner class should find duplicate PATH entries","status":"passed","title":"should find duplicate PATH entries","duration":1.815599999999904,"failureMessages":[],"meta":{}},{"ancestorTitles":["EnvironmentScanner","EnvironmentScanner class"],"fullName":"EnvironmentScanner EnvironmentScanner class should get service-related variables","status":"passed","title":"should get service-related variables","duration":1.8166000000001077,"failureMessages":[],"meta":{}},{"ancestorTitles":["EnvironmentScanner","EnvironmentScanner class"],"fullName":"EnvironmentScanner EnvironmentScanner class should analyze PATH entries","status":"passed","title":"should analyze PATH entries","duration":4.972600000000057,"failureMessages":[],"meta":{}},{"ancestorTitles":["EnvironmentScanner","Property Tests"],"fullName":"EnvironmentScanner Property Tests Property 15: Environment Variable Completeness - all env vars are retrieved","status":"passed","title":"Property 15: Environment Variable Completeness - all env vars are retrieved","duration":13.998899999999594,"failureMessages":[],"meta":{}},{"ancestorTitles":["EnvironmentScanner","Property Tests"],"fullName":"EnvironmentScanner Property Tests Property 16: Environment Variable Display - variables have key and value","status":"passed","title":"Property 16: Environment Variable Display - variables have key and value","duration":50.19860000000017,"failureMessages":[],"meta":{}},{"ancestorTitles":["EnvironmentScanner","Property Tests"],"fullName":"EnvironmentScanner Property Tests Property 17: Environment Variable Filtering - filtered results match category","status":"passed","title":"Property 17: Environment Variable Filtering - filtered results match category","duration":9.327400000000125,"failureMessages":[],"meta":{}},{"ancestorTitles":["EnvironmentScanner","Property Tests"],"fullName":"EnvironmentScanner Property Tests Property 18: Duplicate PATH Detection - duplicates are correctly identified","status":"passed","title":"Property 18: Duplicate PATH Detection - duplicates are correctly identified","duration":10.337599999999838,"failureMessages":[],"meta":{}},{"ancestorTitles":["EnvironmentScanner","Property Tests"],"fullName":"EnvironmentScanner Property Tests should categorize any variable key consistently","status":"passed","title":"should categorize any variable key consistently","duration":13.846900000000005,"failureMessages":[],"meta":{}},{"ancestorTitles":["EnvironmentScanner","Property Tests"],"fullName":"EnvironmentScanner Property Tests should search variables correctly for any query","status":"passed","title":"should search variables correctly for any query","duration":197.038,"failureMessages":[],"meta":{}}],"startTime":1768643635177,"endTime":1768643635658.038,"status":"passed","message":"","name":"C:/Users/81809/Desktop/娓呴亾澶?Dev-Janitor/src/main/environmentScanner.test.ts"},{"assertionResults":[{"ancestorTitles":["PackageManager","parseNpmOutput"],"fullName":"PackageManager parseNpmOutput should parse valid npm JSON output","status":"passed","title":"should parse valid npm JSON output","duration":3.2082000000000335,"failureMessages":[],"meta":{}},{"ancestorTitles":["PackageManager","parseNpmOutput"],"fullName":"PackageManager parseNpmOutput should handle empty dependencies","status":"passed","title":"should handle empty dependencies","duration":1.7158999999996922,"failureMessages":[],"meta":{}},{"ancestorTitles":["PackageManager","parseNpmOutput"],"fullName":"PackageManager parseNpmOutput should handle missing dependencies key","status":"passed","title":"should handle missing dependencies key","duration":0.5226999999999862,"failureMessages":[],"meta":{}},{"ancestorTitles":["PackageManager","parseNpmOutput"],"fullName":"PackageManager parseNpmOutput should handle invalid JSON gracefully","status":"passed","title":"should handle invalid JSON gracefully","duration":0.6933999999996558,"failureMessages":[],"meta":{}},{"ancestorTitles":["PackageManager","parseNpmOutput"],"fullName":"PackageManager parseNpmOutput should handle empty input","status":"passed","title":"should handle empty input","duration":0.4794999999999163,"failureMessages":[],"meta":{}},{"ancestorTitles":["PackageManager","parseNpmOutput"],"fullName":"PackageManager parseNpmOutput should parse text format output (fallback)","status":"passed","title":"should parse text format output (fallback)","duration":0.717200000000048,"failureMessages":[],"meta":{}},{"ancestorTitles":["PackageManager","parseNpmOutput"],"fullName":"PackageManager parseNpmOutput Property 6: all parsed packages should have name and version","status":"passed","title":"Property 6: all parsed packages should have name and version","duration":227.16989999999987,"failureMessages":[],"meta":{}},{"ancestorTitles":["PackageManager","parseNpmOutput"],"fullName":"PackageManager parseNpmOutput Property 6: should not lose packages during parsing","status":"passed","title":"Property 6: should not lose packages during parsing","duration":33.58899999999994,"failureMessages":[],"meta":{}},{"ancestorTitles":["PackageManager","parsePipOutput"],"fullName":"PackageManager parsePipOutput should parse valid pip JSON output","status":"passed","title":"should parse valid pip JSON output","duration":1.3577000000000226,"failureMessages":[],"meta":{}},{"ancestorTitles":["PackageManager","parsePipOutput"],"fullName":"PackageManager parsePipOutput should handle empty array","status":"passed","title":"should handle empty array","duration":0.4940999999998894,"failureMessages":[],"meta":{}},{"ancestorTitles":["PackageManager","parsePipOutput"],"fullName":"PackageManager parsePipOutput should handle invalid JSON gracefully","status":"passed","title":"should handle invalid JSON gracefully","duration":1.0154999999999745,"failureMessages":[],"meta":{}},{"ancestorTitles":["PackageManager","parsePipOutput"],"fullName":"PackageManager parsePipOutput should handle empty input","status":"passed","title":"should handle empty input","duration":0.4703999999996995,"failureMessages":[],"meta":{}},{"ancestorTitles":["PackageManager","parsePipOutput"],"fullName":"PackageManager parsePipOutput should parse text format output (fallback)","status":"passed","title":"should parse text format output (fallback)","duration":0.8514000000000124,"failureMessages":[],"meta":{}},{"ancestorTitles":["PackageManager","parsePipOutput"],"fullName":"PackageManager parsePipOutput Property 6: all parsed pip packages should have name and version","status":"passed","title":"Property 6: all parsed pip packages should have name and version","duration":153.5958999999998,"failureMessages":[],"meta":{}},{"ancestorTitles":["PackageManager","parsePipOutput"],"fullName":"PackageManager parsePipOutput Property 6: should not lose pip packages during parsing","status":"passed","title":"Property 6: should not lose pip packages during parsing","duration":27.972299999999905,"failureMessages":[],"meta":{}},{"ancestorTitles":["PackageManager","parseComposerOutput"],"fullName":"PackageManager parseComposerOutput should parse valid composer JSON output","status":"passed","title":"should parse valid composer JSON output","duration":1.011700000000019,"failureMessages":[],"meta":{}},{"ancestorTitles":["PackageManager","parseComposerOutput"],"fullName":"PackageManager parseComposerOutput should handle installed key format","status":"passed","title":"should handle installed key format","duration":0.37489999999979773,"failureMessages":[],"meta":{}},{"ancestorTitles":["PackageManager","parseComposerOutput"],"fullName":"PackageManager parseComposerOutput should handle empty input","status":"passed","title":"should handle empty input","duration":0.6244000000001506,"failureMessages":[],"meta":{}},{"ancestorTitles":["PackageManager","parseComposerOutput"],"fullName":"PackageManager parseComposerOutput should parse text format output (fallback)","status":"passed","title":"should parse text format output (fallback)","duration":0.8854000000001179,"failureMessages":[],"meta":{}},{"ancestorTitles":["PackageManager","Package Information Completeness"],"fullName":"PackageManager Package Information Completeness Property 5: npm packages should have name and version","status":"passed","title":"Property 5: npm packages should have name and version","duration":1.1047000000003209,"failureMessages":[],"meta":{}},{"ancestorTitles":["PackageManager","Package Information Completeness"],"fullName":"PackageManager Package Information Completeness Property 5: pip packages should have name and version","status":"passed","title":"Property 5: pip packages should have name and version","duration":1.0837999999998829,"failureMessages":[],"meta":{}},{"ancestorTitles":["PackageManager","Package Information Completeness"],"fullName":"PackageManager Package Information Completeness Property 5: all packages should have complete information","status":"passed","title":"Property 5: all packages should have complete information","duration":41.20510000000013,"failureMessages":[],"meta":{}},{"ancestorTitles":["PackageManager","listNpmPackages"],"fullName":"PackageManager listNpmPackages should return an array of packages","status":"passed","title":"should return an array of packages","duration":1519.5448000000001,"failureMessages":[],"meta":{}},{"ancestorTitles":["PackageManager","listNpmPackages"],"fullName":"PackageManager listNpmPackages should have valid structure for each package","status":"passed","title":"should have valid structure for each package","duration":1035.4534000000003,"failureMessages":[],"meta":{}},{"ancestorTitles":["PackageManager","listPipPackages"],"fullName":"PackageManager listPipPackages should return an array of packages","status":"passed","title":"should return an array of packages","duration":648.2672000000002,"failureMessages":[],"meta":{}},{"ancestorTitles":["PackageManager","listPipPackages"],"fullName":"PackageManager listPipPackages should have valid structure for each package","status":"passed","title":"should have valid structure for each package","duration":554.1885000000002,"failureMessages":[],"meta":{}},{"ancestorTitles":["PackageManager","listComposerPackages"],"fullName":"PackageManager listComposerPackages should return an array of packages","status":"passed","title":"should return an array of packages","duration":93.3786,"failureMessages":[],"meta":{}},{"ancestorTitles":["PackageManager","listComposerPackages"],"fullName":"PackageManager listComposerPackages should have valid structure for each package","status":"passed","title":"should have valid structure for each package","duration":88.63329999999951,"failureMessages":[],"meta":{}},{"ancestorTitles":["PackageManager","isPackageManagerAvailable"],"fullName":"PackageManager isPackageManagerAvailable should return boolean for npm","status":"passed","title":"should return boolean for npm","duration":558.0679,"failureMessages":[],"meta":{}},{"ancestorTitles":["PackageManager","isPackageManagerAvailable"],"fullName":"PackageManager isPackageManagerAvailable should return boolean for pip","status":"passed","title":"should return boolean for pip","duration":649.1521999999995,"failureMessages":[],"meta":{}},{"ancestorTitles":["PackageManager","isPackageManagerAvailable"],"fullName":"PackageManager isPackageManagerAvailable should return boolean for composer","status":"passed","title":"should return boolean for composer","duration":48.637299999998504,"failureMessages":[],"meta":{}},{"ancestorTitles":["PackageManager","PackageManager class"],"fullName":"PackageManager PackageManager class should list npm packages","status":"passed","title":"should list npm packages","duration":1066.8967000000011,"failureMessages":[],"meta":{}},{"ancestorTitles":["PackageManager","PackageManager class"],"fullName":"PackageManager PackageManager class should list pip packages","status":"passed","title":"should list pip packages","duration":608.7830000000013,"failureMessages":[],"meta":{}},{"ancestorTitles":["PackageManager","PackageManager class"],"fullName":"PackageManager PackageManager class should list composer packages","status":"passed","title":"should list composer packages","duration":82.51720000000023,"failureMessages":[],"meta":{}},{"ancestorTitles":["PackageManager","PackageManager class"],"fullName":"PackageManager PackageManager class should check package manager availability","status":"passed","title":"should check package manager availability","duration":440.60319999999956,"failureMessages":[],"meta":{}},{"ancestorTitles":["PackageManager","PackageManager class"],"fullName":"PackageManager PackageManager class should parse npm output","status":"passed","title":"should parse npm output","duration":0.32040000000051805,"failureMessages":[],"meta":{}},{"ancestorTitles":["PackageManager","PackageManager class"],"fullName":"PackageManager PackageManager class should parse pip output","status":"passed","title":"should parse pip output","duration":0.19900000000052387,"failureMessages":[],"meta":{}},{"ancestorTitles":["PackageManager","PackageManager class"],"fullName":"PackageManager PackageManager class should parse composer output","status":"passed","title":"should parse composer output","duration":0.18940000000111468,"failureMessages":[],"meta":{}}],"startTime":1768643635177,"endTime":1768643643076.1895,"status":"passed","message":"","name":"C:/Users/81809/Desktop/娓呴亾澶?Dev-Janitor/src/main/packageManager.test.ts"},{"assertionResults":[{"ancestorTitles":["PathScanner","getPathSeparator"],"fullName":"PathScanner getPathSeparator should return correct separator for platform","status":"passed","title":"should return correct separator for platform","duration":2.5389999999999873,"failureMessages":[],"meta":{}},{"ancestorTitles":["PathScanner","parsePath"],"fullName":"PathScanner parsePath should return an array of paths","status":"passed","title":"should return an array of paths","duration":0.8697999999999411,"failureMessages":[],"meta":{}},{"ancestorTitles":["PathScanner","parsePath"],"fullName":"PathScanner parsePath should not contain empty strings","status":"passed","title":"should not contain empty strings","duration":2.218099999999822,"failureMessages":[],"meta":{}},{"ancestorTitles":["PathScanner","parsePath"],"fullName":"PathScanner parsePath should not contain paths with only whitespace","status":"passed","title":"should not contain paths with only whitespace","duration":1.4106999999999061,"failureMessages":[],"meta":{}},{"ancestorTitles":["PathScanner","parsePath"],"fullName":"PathScanner parsePath Property 12: all parsed paths should be valid non-empty strings","status":"passed","title":"Property 12: all parsed paths should be valid non-empty strings","duration":3.3051000000000386,"failureMessages":[],"meta":{}},{"ancestorTitles":["PathScanner","identifyInstallMethod"],"fullName":"PathScanner identifyInstallMethod should identify homebrew installations","status":"passed","title":"should identify homebrew installations","duration":0.5825999999999567,"failureMessages":[],"meta":{}},{"ancestorTitles":["PathScanner","identifyInstallMethod"],"fullName":"PathScanner identifyInstallMethod should identify chocolatey installations","status":"passed","title":"should identify chocolatey installations","duration":0.27060000000005857,"failureMessages":[],"meta":{}},{"ancestorTitles":["PathScanner","identifyInstallMethod"],"fullName":"PathScanner identifyInstallMethod should identify npm installations","status":"passed","title":"should identify npm installations","duration":0.21299999999996544,"failureMessages":[],"meta":{}},{"ancestorTitles":["PathScanner","identifyInstallMethod"],"fullName":"PathScanner identifyInstallMethod should identify pip installations","status":"passed","title":"should identify pip installations","duration":0.3203000000000884,"failureMessages":[],"meta":{}},{"ancestorTitles":["PathScanner","identifyInstallMethod"],"fullName":"PathScanner identifyInstallMethod should return manual for unknown paths","status":"passed","title":"should return manual for unknown paths","duration":0.2804999999998472,"failureMessages":[],"meta":{}},{"ancestorTitles":["PathScanner","identifyInstallMethod"],"fullName":"PathScanner identifyInstallMethod should handle null/empty paths","status":"passed","title":"should handle null/empty paths","duration":0.2680000000000291,"failureMessages":[],"meta":{}},{"ancestorTitles":["PathScanner","identifyInstallMethod"],"fullName":"PathScanner identifyInstallMethod should always return a valid install method","status":"passed","title":"should always return a valid install method","duration":15.628500000000031,"failureMessages":[],"meta":{}},{"ancestorTitles":["PathScanner","generateUninstallInstructions"],"fullName":"PathScanner generateUninstallInstructions should generate homebrew uninstall instructions","status":"passed","title":"should generate homebrew uninstall instructions","duration":0.7235999999998057,"failureMessages":[],"meta":{}},{"ancestorTitles":["PathScanner","generateUninstallInstructions"],"fullName":"PathScanner generateUninstallInstructions should generate chocolatey uninstall instructions","status":"passed","title":"should generate chocolatey uninstall instructions","duration":0.43240000000014334,"failureMessages":[],"meta":{}},{"ancestorTitles":["PathScanner","generateUninstallInstructions"],"fullName":"PathScanner generateUninstallInstructions should generate npm uninstall instructions","status":"passed","title":"should generate npm uninstall instructions","duration":0.4692000000000007,"failureMessages":[],"meta":{}},{"ancestorTitles":["PathScanner","generateUninstallInstructions"],"fullName":"PathScanner generateUninstallInstructions should generate pip uninstall instructions","status":"passed","title":"should generate pip uninstall instructions","duration":0.49969999999984793,"failureMessages":[],"meta":{}},{"ancestorTitles":["PathScanner","generateUninstallInstructions"],"fullName":"PathScanner generateUninstallInstructions should generate apt uninstall instructions","status":"passed","title":"should generate apt uninstall instructions","duration":0.4778999999998632,"failureMessages":[],"meta":{}},{"ancestorTitles":["PathScanner","generateUninstallInstructions"],"fullName":"PathScanner generateUninstallInstructions should generate manual uninstall instructions for unknown methods","status":"passed","title":"should generate manual uninstall instructions for unknown methods","duration":0.4882999999999811,"failureMessages":[],"meta":{}},{"ancestorTitles":["PathScanner","generateUninstallInstructions"],"fullName":"PathScanner generateUninstallInstructions Property 14: should always return non-empty instructions array","status":"passed","title":"Property 14: should always return non-empty instructions array","duration":6.5779999999999745,"failureMessages":[],"meta":{}},{"ancestorTitles":["PathScanner","generateUninstallInstructions"],"fullName":"PathScanner generateUninstallInstructions Property 14: instructions should reference the tool name","status":"passed","title":"Property 14: instructions should reference the tool name","duration":12.709600000000137,"failureMessages":[],"meta":{}},{"ancestorTitles":["PathScanner","scanDirectory"],"fullName":"PathScanner scanDirectory should return an array","status":"passed","title":"should return an array","duration":1.0575000000003456,"failureMessages":[],"meta":{}},{"ancestorTitles":["PathScanner","scanDirectory"],"fullName":"PathScanner scanDirectory should return empty array for non-existent directory","status":"passed","title":"should return empty array for non-existent directory","duration":27.730999999999767,"failureMessages":[],"meta":{}},{"ancestorTitles":["PathScanner","scanDirectory"],"fullName":"PathScanner scanDirectory should scan existing directories","status":"passed","title":"should scan existing directories","duration":459.433,"failureMessages":[],"meta":{}},{"ancestorTitles":["PathScanner","scanAllPathDirectories"],"fullName":"PathScanner scanAllPathDirectories should return an array of executables","status":"passed","title":"should return an array of executables","duration":709.5021999999999,"failureMessages":[],"meta":{}},{"ancestorTitles":["PathScanner","scanAllPathDirectories"],"fullName":"PathScanner scanAllPathDirectories should have valid structure for each executable","status":"passed","title":"should have valid structure for each executable","duration":558.1028999999999,"failureMessages":[],"meta":{}},{"ancestorTitles":["PathScanner","scanAllPathDirectories"],"fullName":"PathScanner scanAllPathDirectories Property 12: all executables should have valid non-empty properties","status":"passed","title":"Property 12: all executables should have valid non-empty properties","duration":444.49080000000004,"failureMessages":[],"meta":{}},{"ancestorTitles":["PathScanner","getExtendedToolInfo"],"fullName":"PathScanner getExtendedToolInfo should return extended tool info structure","status":"passed","title":"should return extended tool info structure","duration":263.28690000000006,"failureMessages":[],"meta":{}},{"ancestorTitles":["PathScanner","getExtendedToolInfo"],"fullName":"PathScanner getExtendedToolInfo should handle non-existent tools gracefully","status":"passed","title":"should handle non-existent tools gracefully","duration":178.9956999999995,"failureMessages":[],"meta":{}},{"ancestorTitles":["PathScanner","getExtendedToolInfo"],"fullName":"PathScanner getExtendedToolInfo Property 13: should always return valid ExtendedToolInfo structure","status":"passed","title":"Property 13: should always return valid ExtendedToolInfo structure","duration":1178.8032000000003,"failureMessages":[],"meta":{}},{"ancestorTitles":["PathScanner","findAllInstallations"],"fullName":"PathScanner findAllInstallations should return an array of paths","status":"passed","title":"should return an array of paths","duration":125.69909999999982,"failureMessages":[],"meta":{}},{"ancestorTitles":["PathScanner","findAllInstallations"],"fullName":"PathScanner findAllInstallations should return empty array for non-existent tools","status":"passed","title":"should return empty array for non-existent tools","duration":133.4353000000001,"failureMessages":[],"meta":{}},{"ancestorTitles":["PathScanner","findAllInstallations"],"fullName":"PathScanner findAllInstallations should not contain duplicates","status":"passed","title":"should not contain duplicates","duration":161.92410000000018,"failureMessages":[],"meta":{}},{"ancestorTitles":["PathScanner","PathScanner class"],"fullName":"PathScanner PathScanner class should parse PATH","status":"passed","title":"should parse PATH","duration":0.5852999999997337,"failureMessages":[],"meta":{}},{"ancestorTitles":["PathScanner","PathScanner class"],"fullName":"PathScanner PathScanner class should scan directories","status":"passed","title":"should scan directories","duration":0.35379999999986467,"failureMessages":[],"meta":{}},{"ancestorTitles":["PathScanner","PathScanner class"],"fullName":"PathScanner PathScanner class should scan all PATH directories","status":"passed","title":"should scan all PATH directories","duration":507.39899999999943,"failureMessages":[],"meta":{}},{"ancestorTitles":["PathScanner","PathScanner class"],"fullName":"PathScanner PathScanner class should get extended tool info","status":"passed","title":"should get extended tool info","duration":232.35370000000057,"failureMessages":[],"meta":{}},{"ancestorTitles":["PathScanner","PathScanner class"],"fullName":"PathScanner PathScanner class should find all installations","status":"passed","title":"should find all installations","duration":146.64350000000013,"failureMessages":[],"meta":{}},{"ancestorTitles":["PathScanner","PathScanner class"],"fullName":"PathScanner PathScanner class should generate uninstall instructions","status":"passed","title":"should generate uninstall instructions","duration":0.4113999999999578,"failureMessages":[],"meta":{}},{"ancestorTitles":["PathScanner","PathScanner class"],"fullName":"PathScanner PathScanner class should identify install method","status":"passed","title":"should identify install method","duration":0.26789999999982683,"failureMessages":[],"meta":{}}],"startTime":1768643635184,"endTime":1768643640368.2678,"status":"passed","message":"","name":"C:/Users/81809/Desktop/娓呴亾澶?Dev-Janitor/src/main/pathScanner.test.ts"},{"assertionResults":[{"ancestorTitles":["ServiceMonitor","parseNetstatLine"],"fullName":"ServiceMonitor parseNetstatLine should parse valid Windows netstat LISTENING line","status":"passed","title":"should parse valid Windows netstat LISTENING line","duration":2.9846999999999753,"failureMessages":[],"meta":{}},{"ancestorTitles":["ServiceMonitor","parseNetstatLine"],"fullName":"ServiceMonitor parseNetstatLine should parse netstat line with IPv6 address","status":"passed","title":"should parse netstat line with IPv6 address","duration":0.7901999999999134,"failureMessages":[],"meta":{}},{"ancestorTitles":["ServiceMonitor","parseNetstatLine"],"fullName":"ServiceMonitor parseNetstatLine should return null for non-LISTENING lines","status":"passed","title":"should return null for non-LISTENING lines","duration":0.34199999999987085,"failureMessages":[],"meta":{}},{"ancestorTitles":["ServiceMonitor","parseNetstatLine"],"fullName":"ServiceMonitor parseNetstatLine should return null for empty lines","status":"passed","title":"should return null for empty lines","duration":0.3667000000000371,"failureMessages":[],"meta":{}},{"ancestorTitles":["ServiceMonitor","parseNetstatLine"],"fullName":"ServiceMonitor parseNetstatLine should return null for header lines","status":"passed","title":"should return null for header lines","duration":0.3326999999999316,"failureMessages":[],"meta":{}},{"ancestorTitles":["ServiceMonitor","parseNetstatLine"],"fullName":"ServiceMonitor parseNetstatLine should return null for malformed lines","status":"passed","title":"should return null for malformed lines","duration":0.38030000000003383,"failureMessages":[],"meta":{}},{"ancestorTitles":["ServiceMonitor","parseLsofLine"],"fullName":"ServiceMonitor parseLsofLine should parse valid lsof LISTEN line","status":"passed","title":"should parse valid lsof LISTEN line","duration":0.7557000000001608,"failureMessages":[],"meta":{}},{"ancestorTitles":["ServiceMonitor","parseLsofLine"],"fullName":"ServiceMonitor parseLsofLine should parse lsof line with localhost","status":"passed","title":"should parse lsof line with localhost","duration":0.9957999999999174,"failureMessages":[],"meta":{}},{"ancestorTitles":["ServiceMonitor","parseLsofLine"],"fullName":"ServiceMonitor parseLsofLine should return null for non-LISTEN lines","status":"passed","title":"should return null for non-LISTEN lines","duration":2.2490999999999985,"failureMessages":[],"meta":{}},{"ancestorTitles":["ServiceMonitor","parseLsofLine"],"fullName":"ServiceMonitor parseLsofLine should return null for empty lines","status":"passed","title":"should return null for empty lines","duration":0.8263000000001739,"failureMessages":[],"meta":{}},{"ancestorTitles":["ServiceMonitor","parseLsofLine"],"fullName":"ServiceMonitor parseLsofLine should return null for malformed lines","status":"passed","title":"should return null for malformed lines","duration":0.47299999999995634,"failureMessages":[],"meta":{}},{"ancestorTitles":["ServiceMonitor","filterDevServices"],"fullName":"ServiceMonitor filterDevServices should filter services to common dev ports","status":"passed","title":"should filter services to common dev ports","duration":3.0812000000000808,"failureMessages":[],"meta":{}},{"ancestorTitles":["ServiceMonitor","filterDevServices"],"fullName":"ServiceMonitor filterDevServices should return empty array when no services match","status":"passed","title":"should return empty array when no services match","duration":0.5717999999999392,"failureMessages":[],"meta":{}},{"ancestorTitles":["ServiceMonitor","filterDevServices"],"fullName":"ServiceMonitor filterDevServices should handle services without ports","status":"passed","title":"should handle services without ports","duration":0.5211000000001604,"failureMessages":[],"meta":{}},{"ancestorTitles":["ServiceMonitor","COMMON_DEV_PORTS"],"fullName":"ServiceMonitor COMMON_DEV_PORTS should include common development ports","status":"passed","title":"should include common development ports","duration":0.922800000000052,"failureMessages":[],"meta":{}},{"ancestorTitles":["ServiceMonitor","COMMON_DEV_PORTS"],"fullName":"ServiceMonitor COMMON_DEV_PORTS should not include common system ports","status":"passed","title":"should not include common system ports","duration":0.6540999999999713,"failureMessages":[],"meta":{}},{"ancestorTitles":["ServiceMonitor","ServiceMonitor class"],"fullName":"ServiceMonitor ServiceMonitor class should start and stop monitoring","status":"passed","title":"should start and stop monitoring","duration":0.916300000000092,"failureMessages":[],"meta":{}},{"ancestorTitles":["ServiceMonitor","ServiceMonitor class"],"fullName":"ServiceMonitor ServiceMonitor class should add and remove listeners","status":"passed","title":"should add and remove listeners","duration":1.4977000000001226,"failureMessages":[],"meta":{}},{"ancestorTitles":["ServiceMonitor","ServiceMonitor class"],"fullName":"ServiceMonitor ServiceMonitor class should filter dev services","status":"passed","title":"should filter dev services","duration":1.8075000000001182,"failureMessages":[],"meta":{}},{"ancestorTitles":["ServiceMonitor","Property Tests"],"fullName":"ServiceMonitor Property Tests Property 19: Running Service Information - services have required fields","status":"passed","title":"Property 19: Running Service Information - services have required fields","duration":47.182000000000016,"failureMessages":[],"meta":{}},{"ancestorTitles":["ServiceMonitor","Property Tests"],"fullName":"ServiceMonitor Property Tests Property 20: Service Stop Action Availability - killService accepts valid PIDs","status":"passed","title":"Property 20: Service Stop Action Availability - killService accepts valid PIDs","duration":13.713199999999915,"failureMessages":[],"meta":{}},{"ancestorTitles":["ServiceMonitor","Property Tests"],"fullName":"ServiceMonitor Property Tests should filter services correctly for any set of services","status":"passed","title":"should filter services correctly for any set of services","duration":96.67669999999998,"failureMessages":[],"meta":{}}],"startTime":1768643635181,"endTime":1768643635361.6768,"status":"passed","message":"","name":"C:/Users/81809/Desktop/娓呴亾澶?Dev-Janitor/src/main/serviceMonitor.test.ts"},{"assertionResults":[{"ancestorTitles":["BoundedLRUCache","constructor"],"fullName":"BoundedLRUCache constructor should create cache with default values","status":"passed","title":"should create cache with default values","duration":2.8807999999999083,"failureMessages":[],"meta":{}},{"ancestorTitles":["BoundedLRUCache","constructor"],"fullName":"BoundedLRUCache constructor should create cache with custom values","status":"passed","title":"should create cache with custom values","duration":0.6731999999999516,"failureMessages":[],"meta":{}},{"ancestorTitles":["BoundedLRUCache","constructor"],"fullName":"BoundedLRUCache constructor should throw error for invalid maxSize","status":"passed","title":"should throw error for invalid maxSize","duration":2.6625000000001364,"failureMessages":[],"meta":{}},{"ancestorTitles":["BoundedLRUCache","constructor"],"fullName":"BoundedLRUCache constructor should throw error for invalid maxAge","status":"passed","title":"should throw error for invalid maxAge","duration":1.0056999999999334,"failureMessages":[],"meta":{}},{"ancestorTitles":["BoundedLRUCache","basic operations"],"fullName":"BoundedLRUCache basic operations should set and get values","status":"passed","title":"should set and get values","duration":0.8100999999999203,"failureMessages":[],"meta":{}},{"ancestorTitles":["BoundedLRUCache","basic operations"],"fullName":"BoundedLRUCache basic operations should return undefined for non-existent keys","status":"passed","title":"should return undefined for non-existent keys","duration":0.6328000000000884,"failureMessages":[],"meta":{}},{"ancestorTitles":["BoundedLRUCache","basic operations"],"fullName":"BoundedLRUCache basic operations should update existing keys","status":"passed","title":"should update existing keys","duration":0.6194000000000415,"failureMessages":[],"meta":{}},{"ancestorTitles":["BoundedLRUCache","basic operations"],"fullName":"BoundedLRUCache basic operations should delete keys","status":"passed","title":"should delete keys","duration":0.7453000000000429,"failureMessages":[],"meta":{}},{"ancestorTitles":["BoundedLRUCache","basic operations"],"fullName":"BoundedLRUCache basic operations should return false when deleting non-existent keys","status":"passed","title":"should return false when deleting non-existent keys","duration":0.9188000000001466,"failureMessages":[],"meta":{}},{"ancestorTitles":["BoundedLRUCache","basic operations"],"fullName":"BoundedLRUCache basic operations should clear all entries","status":"passed","title":"should clear all entries","duration":0.951200000000199,"failureMessages":[],"meta":{}},{"ancestorTitles":["BoundedLRUCache","basic operations"],"fullName":"BoundedLRUCache basic operations should check if key exists with has()","status":"passed","title":"should check if key exists with has()","duration":0.7036000000000513,"failureMessages":[],"meta":{}},{"ancestorTitles":["BoundedLRUCache","basic operations"],"fullName":"BoundedLRUCache basic operations should track size correctly","status":"passed","title":"should track size correctly","duration":0.6570000000001528,"failureMessages":[],"meta":{}},{"ancestorTitles":["BoundedLRUCache","LRU eviction"],"fullName":"BoundedLRUCache LRU eviction should evict oldest entry when at capacity","status":"passed","title":"should evict oldest entry when at capacity","duration":0.6685999999999694,"failureMessages":[],"meta":{}},{"ancestorTitles":["BoundedLRUCache","LRU eviction"],"fullName":"BoundedLRUCache LRU eviction should move accessed entry to MRU position","status":"passed","title":"should move accessed entry to MRU position","duration":0.6059999999999945,"failureMessages":[],"meta":{}},{"ancestorTitles":["BoundedLRUCache","LRU eviction"],"fullName":"BoundedLRUCache LRU eviction should move updated entry to MRU position","status":"passed","title":"should move updated entry to MRU position","duration":0.4579999999998563,"failureMessages":[],"meta":{}},{"ancestorTitles":["BoundedLRUCache","LRU eviction"],"fullName":"BoundedLRUCache LRU eviction should never exceed max size","status":"passed","title":"should never exceed max size","duration":3.787700000000086,"failureMessages":[],"meta":{}},{"ancestorTitles":["BoundedLRUCache","expiration"],"fullName":"BoundedLRUCache expiration should return undefined for expired entries","status":"passed","title":"should return undefined for expired entries","duration":4.173399999999901,"failureMessages":[],"meta":{}},{"ancestorTitles":["BoundedLRUCache","expiration"],"fullName":"BoundedLRUCache expiration should remove expired entry on access","status":"passed","title":"should remove expired entry on access","duration":1.2039999999999509,"failureMessages":[],"meta":{}},{"ancestorTitles":["BoundedLRUCache","expiration"],"fullName":"BoundedLRUCache expiration should not expire entries before maxAge","status":"passed","title":"should not expire entries before maxAge","duration":0.6696000000001732,"failureMessages":[],"meta":{}},{"ancestorTitles":["BoundedLRUCache","cleanup"],"fullName":"BoundedLRUCache cleanup should remove all expired entries","status":"passed","title":"should remove all expired entries","duration":1.213700000000017,"failureMessages":[],"meta":{}},{"ancestorTitles":["BoundedLRUCache","cleanup"],"fullName":"BoundedLRUCache cleanup should not remove non-expired entries","status":"passed","title":"should not remove non-expired entries","duration":0.8666999999998097,"failureMessages":[],"meta":{}},{"ancestorTitles":["BoundedLRUCache","iteration methods"],"fullName":"BoundedLRUCache iteration methods should return keys in LRU to MRU order","status":"passed","title":"should return keys in LRU to MRU order","duration":1.6613999999999578,"failureMessages":[],"meta":{}},{"ancestorTitles":["BoundedLRUCache","iteration methods"],"fullName":"BoundedLRUCache iteration methods should return values","status":"passed","title":"should return values","duration":1.9880000000000564,"failureMessages":[],"meta":{}},{"ancestorTitles":["BoundedLRUCache","iteration methods"],"fullName":"BoundedLRUCache iteration methods should return entries","status":"passed","title":"should return entries","duration":1.009800000000041,"failureMessages":[],"meta":{}},{"ancestorTitles":["BoundedLRUCache","different key/value types"],"fullName":"BoundedLRUCache different key/value types should work with number keys","status":"passed","title":"should work with number keys","duration":0.6323999999999614,"failureMessages":[],"meta":{}},{"ancestorTitles":["BoundedLRUCache","different key/value types"],"fullName":"BoundedLRUCache different key/value types should work with object values","status":"passed","title":"should work with object values","duration":0.5348000000001321,"failureMessages":[],"meta":{}},{"ancestorTitles":["CacheManager"],"fullName":"CacheManager should create manager with automatic cleanup","status":"passed","title":"should create manager with automatic cleanup","duration":2.902499999999918,"failureMessages":[],"meta":{}},{"ancestorTitles":["CacheManager"],"fullName":"CacheManager should stop cleanup when requested","status":"passed","title":"should stop cleanup when requested","duration":1.2287000000001171,"failureMessages":[],"meta":{}},{"ancestorTitles":["CacheManager"],"fullName":"CacheManager should provide all cache operations","status":"passed","title":"should provide all cache operations","duration":1.2459000000001197,"failureMessages":[],"meta":{}},{"ancestorTitles":["CacheManager"],"fullName":"CacheManager should allow manual cleanup","status":"passed","title":"should allow manual cleanup","duration":1.445299999999861,"failureMessages":[],"meta":{}},{"ancestorTitles":["CacheManager"],"fullName":"CacheManager should provide access to underlying cache","status":"passed","title":"should provide access to underlying cache","duration":1.5732000000000426,"failureMessages":[],"meta":{}},{"ancestorTitles":["Factory functions"],"fullName":"Factory functions createLRUCache should create BoundedLRUCache","status":"passed","title":"createLRUCache should create BoundedLRUCache","duration":0.41840000000001965,"failureMessages":[],"meta":{}},{"ancestorTitles":["Factory functions"],"fullName":"Factory functions createLRUCache should use defaults","status":"passed","title":"createLRUCache should use defaults","duration":0.26120000000014443,"failureMessages":[],"meta":{}},{"ancestorTitles":["Factory functions"],"fullName":"Factory functions createCacheManager should create CacheManager","status":"passed","title":"createCacheManager should create CacheManager","duration":0.7312000000001717,"failureMessages":[],"meta":{}},{"ancestorTitles":["Edge cases"],"fullName":"Edge cases should handle cache with size 1","status":"passed","title":"should handle cache with size 1","duration":2.1306999999999334,"failureMessages":[],"meta":{}},{"ancestorTitles":["Edge cases"],"fullName":"Edge cases should handle empty string keys and values","status":"passed","title":"should handle empty string keys and values","duration":0.3170999999999822,"failureMessages":[],"meta":{}},{"ancestorTitles":["Edge cases"],"fullName":"Edge cases should handle undefined values","status":"passed","title":"should handle undefined values","duration":0.23839999999995598,"failureMessages":[],"meta":{}},{"ancestorTitles":["Edge cases"],"fullName":"Edge cases should handle rapid set/get operations","status":"passed","title":"should handle rapid set/get operations","duration":1.4941999999998643,"failureMessages":[],"meta":{}}],"startTime":1768643634369,"endTime":1768643634419.4941,"status":"passed","message":"","name":"C:/Users/81809/Desktop/娓呴亾澶?Dev-Janitor/src/main/utils/cacheManager.test.ts"},{"assertionResults":[{"ancestorTitles":["CommandValidator","validateCommand","white-listed commands"],"fullName":"CommandValidator validateCommand white-listed commands should accept npm commands","status":"passed","title":"should accept npm commands","duration":3.205400000000054,"failureMessages":[],"meta":{}},{"ancestorTitles":["CommandValidator","validateCommand","white-listed commands"],"fullName":"CommandValidator validateCommand white-listed commands should accept npx commands","status":"passed","title":"should accept npx commands","duration":0.8985999999999876,"failureMessages":[],"meta":{}},{"ancestorTitles":["CommandValidator","validateCommand","white-listed commands"],"fullName":"CommandValidator validateCommand white-listed commands should accept pip commands","status":"passed","title":"should accept pip commands","duration":0.6968999999999141,"failureMessages":[],"meta":{}},{"ancestorTitles":["CommandValidator","validateCommand","white-listed commands"],"fullName":"CommandValidator validateCommand white-listed commands should accept all allowed commands","status":"passed","title":"should accept all allowed commands","duration":1.7729000000001633,"failureMessages":[],"meta":{}},{"ancestorTitles":["CommandValidator","validateCommand","non-white-listed commands"],"fullName":"CommandValidator validateCommand non-white-listed commands should reject rm command","status":"passed","title":"should reject rm command","duration":0.8351999999999862,"failureMessages":[],"meta":{}},{"ancestorTitles":["CommandValidator","validateCommand","non-white-listed commands"],"fullName":"CommandValidator validateCommand non-white-listed commands should reject curl command","status":"passed","title":"should reject curl command","duration":0.5730000000000928,"failureMessages":[],"meta":{}},{"ancestorTitles":["CommandValidator","validateCommand","non-white-listed commands"],"fullName":"CommandValidator validateCommand non-white-listed commands should reject bash command","status":"passed","title":"should reject bash command","duration":0.4273999999998068,"failureMessages":[],"meta":{}},{"ancestorTitles":["CommandValidator","validateCommand","dangerous characters"],"fullName":"CommandValidator validateCommand dangerous characters should reject commands with semicolon","status":"passed","title":"should reject commands with semicolon","duration":0.5769999999999982,"failureMessages":[],"meta":{}},{"ancestorTitles":["CommandValidator","validateCommand","dangerous characters"],"fullName":"CommandValidator validateCommand dangerous characters should reject commands with pipe","status":"passed","title":"should reject commands with pipe","duration":0.6376000000000204,"failureMessages":[],"meta":{}},{"ancestorTitles":["CommandValidator","validateCommand","dangerous characters"],"fullName":"CommandValidator validateCommand dangerous characters should reject commands with ampersand","status":"passed","title":"should reject commands with ampersand","duration":0.6140000000000327,"failureMessages":[],"meta":{}},{"ancestorTitles":["CommandValidator","validateCommand","dangerous characters"],"fullName":"CommandValidator validateCommand dangerous characters should reject commands with backtick","status":"passed","title":"should reject commands with backtick","duration":0.481899999999996,"failureMessages":[],"meta":{}},{"ancestorTitles":["CommandValidator","validateCommand","dangerous characters"],"fullName":"CommandValidator validateCommand dangerous characters should reject commands with dollar sign","status":"passed","title":"should reject commands with dollar sign","duration":0.3790999999998803,"failureMessages":[],"meta":{}},{"ancestorTitles":["CommandValidator","validateCommand","dangerous characters"],"fullName":"CommandValidator validateCommand dangerous characters should reject commands with angle brackets","status":"passed","title":"should reject commands with angle brackets","duration":0.6175000000000637,"failureMessages":[],"meta":{}},{"ancestorTitles":["CommandValidator","validateCommand","edge cases"],"fullName":"CommandValidator validateCommand edge cases should reject empty command","status":"passed","title":"should reject empty command","duration":0.6040000000000418,"failureMessages":[],"meta":{}},{"ancestorTitles":["CommandValidator","validateCommand","edge cases"],"fullName":"CommandValidator validateCommand edge cases should reject whitespace-only command","status":"passed","title":"should reject whitespace-only command","duration":0.5154999999999745,"failureMessages":[],"meta":{}},{"ancestorTitles":["CommandValidator","validateCommand","edge cases"],"fullName":"CommandValidator validateCommand edge cases should handle command with extra whitespace","status":"passed","title":"should handle command with extra whitespace","duration":0.36560000000008586,"failureMessages":[],"meta":{}},{"ancestorTitles":["CommandValidator","containsDangerousChars"],"fullName":"CommandValidator containsDangerousChars should return false for safe strings","status":"passed","title":"should return false for safe strings","duration":0.48139999999989413,"failureMessages":[],"meta":{}},{"ancestorTitles":["CommandValidator","containsDangerousChars"],"fullName":"CommandValidator containsDangerousChars should return true for strings with dangerous characters","status":"passed","title":"should return true for strings with dangerous characters","duration":0.7674999999999272,"failureMessages":[],"meta":{}},{"ancestorTitles":["CommandValidator","containsDangerousChars"],"fullName":"CommandValidator containsDangerousChars should handle empty and null-like inputs","status":"passed","title":"should handle empty and null-like inputs","duration":0.35399999999981446,"failureMessages":[],"meta":{}},{"ancestorTitles":["CommandValidator","escapeArgument"],"fullName":"CommandValidator escapeArgument should return safe strings unchanged","status":"passed","title":"should return safe strings unchanged","duration":0.34789999999998145,"failureMessages":[],"meta":{}},{"ancestorTitles":["CommandValidator","escapeArgument"],"fullName":"CommandValidator escapeArgument should escape dangerous characters","status":"passed","title":"should escape dangerous characters","duration":0.26319999999986976,"failureMessages":[],"meta":{}},{"ancestorTitles":["CommandValidator","escapeArgument"],"fullName":"CommandValidator escapeArgument should be idempotent (escaping twice gives same result)","status":"passed","title":"should be idempotent (escaping twice gives same result)","duration":0.24880000000007385,"failureMessages":[],"meta":{}},{"ancestorTitles":["CommandValidator","escapeArgument"],"fullName":"CommandValidator escapeArgument should handle empty and null-like inputs","status":"passed","title":"should handle empty and null-like inputs","duration":0.30389999999988504,"failureMessages":[],"meta":{}},{"ancestorTitles":["CommandValidator","getAllowedCommands"],"fullName":"CommandValidator getAllowedCommands should return the allowed commands list","status":"passed","title":"should return the allowed commands list","duration":1.1093999999998232,"failureMessages":[],"meta":{}},{"ancestorTitles":["CommandValidator","getAllowedCommands"],"fullName":"CommandValidator getAllowedCommands should include expected package managers","status":"passed","title":"should include expected package managers","duration":2.1024999999999636,"failureMessages":[],"meta":{}},{"ancestorTitles":["CommandValidator","DANGEROUS_PATTERNS constant"],"fullName":"CommandValidator DANGEROUS_PATTERNS constant should match all expected dangerous characters","status":"passed","title":"should match all expected dangerous characters","duration":1.2756999999999152,"failureMessages":[],"meta":{}}],"startTime":1768643635664,"endTime":1768643635687.2756,"status":"passed","message":"","name":"C:/Users/81809/Desktop/娓呴亾澶?Dev-Janitor/src/main/security/commandValidator.test.ts"},{"assertionResults":[{"ancestorTitles":["CSPManager","generateNonce"],"fullName":"CSPManager generateNonce should generate a non-empty string","status":"passed","title":"should generate a non-empty string","duration":3.4403000000002066,"failureMessages":[],"meta":{}},{"ancestorTitles":["CSPManager","generateNonce"],"fullName":"CSPManager generateNonce should generate base64 encoded string","status":"passed","title":"should generate base64 encoded string","duration":1.019399999999905,"failureMessages":[],"meta":{}},{"ancestorTitles":["CSPManager","generateNonce"],"fullName":"CSPManager generateNonce should generate unique nonces on each call","status":"passed","title":"should generate unique nonces on each call","duration":1.7839000000001306,"failureMessages":[],"meta":{}},{"ancestorTitles":["CSPManager","generateNonce"],"fullName":"CSPManager generateNonce should generate nonces of consistent length","status":"passed","title":"should generate nonces of consistent length","duration":0.571999999999889,"failureMessages":[],"meta":{}},{"ancestorTitles":["CSPManager","generateCSPHeader","basic policy generation"],"fullName":"CSPManager generateCSPHeader basic policy generation should generate CSP header with default policy in production mode","status":"passed","title":"should generate CSP header with default policy in production mode","duration":1.5625,"failureMessages":[],"meta":{}},{"ancestorTitles":["CSPManager","generateCSPHeader","basic policy generation"],"fullName":"CSPManager generateCSPHeader basic policy generation should not include unsafe-inline in script-src by default","status":"passed","title":"should not include unsafe-inline in script-src by default","duration":1.0476000000001022,"failureMessages":[],"meta":{}},{"ancestorTitles":["CSPManager","generateCSPHeader","basic policy generation"],"fullName":"CSPManager generateCSPHeader basic policy generation should include unsafe-inline in style-src for Ant Design","status":"passed","title":"should include unsafe-inline in style-src for Ant Design","duration":1.1993000000002212,"failureMessages":[],"meta":{}},{"ancestorTitles":["CSPManager","generateCSPHeader","nonce support"],"fullName":"CSPManager generateCSPHeader nonce support should add nonce to script-src when provided","status":"passed","title":"should add nonce to script-src when provided","duration":0.95699999999988,"failureMessages":[],"meta":{}},{"ancestorTitles":["CSPManager","generateCSPHeader","nonce support"],"fullName":"CSPManager generateCSPHeader nonce support should keep self in script-src when nonce is added","status":"passed","title":"should keep self in script-src when nonce is added","duration":0.7293999999999414,"failureMessages":[],"meta":{}},{"ancestorTitles":["CSPManager","generateCSPHeader","development mode"],"fullName":"CSPManager generateCSPHeader development mode should add localhost to connect-src in development mode","status":"passed","title":"should add localhost to connect-src in development mode","duration":0.9500000000000455,"failureMessages":[],"meta":{}},{"ancestorTitles":["CSPManager","generateCSPHeader","development mode"],"fullName":"CSPManager generateCSPHeader development mode should add devServerUrl to connect-src when provided","status":"passed","title":"should add devServerUrl to connect-src when provided","duration":0.8592999999998483,"failureMessages":[],"meta":{}},{"ancestorTitles":["CSPManager","generateCSPHeader","development mode"],"fullName":"CSPManager generateCSPHeader development mode should not add localhost in production mode","status":"passed","title":"should not add localhost in production mode","duration":0.684400000000096,"failureMessages":[],"meta":{}},{"ancestorTitles":["CSPManager","generateCSPHeader","security directives"],"fullName":"CSPManager generateCSPHeader security directives should set object-src to none to disable plugins","status":"passed","title":"should set object-src to none to disable plugins","duration":0.570699999999988,"failureMessages":[],"meta":{}},{"ancestorTitles":["CSPManager","generateCSPHeader","security directives"],"fullName":"CSPManager generateCSPHeader security directives should set frame-ancestors to none to prevent clickjacking","status":"passed","title":"should set frame-ancestors to none to prevent clickjacking","duration":0.42820000000006075,"failureMessages":[],"meta":{}},{"ancestorTitles":["CSPManager","generateCSPHeader","security directives"],"fullName":"CSPManager generateCSPHeader security directives should restrict img-src to self, data, and https","status":"passed","title":"should restrict img-src to self, data, and https","duration":0.7356999999999516,"failureMessages":[],"meta":{}},{"ancestorTitles":["CSPManager","generateCSPHeader","policy immutability"],"fullName":"CSPManager generateCSPHeader policy immutability should not modify the original CSP_POLICY constant","status":"passed","title":"should not modify the original CSP_POLICY constant","duration":2.011500000000069,"failureMessages":[],"meta":{}},{"ancestorTitles":["CSPManager","applyToWindow"],"fullName":"CSPManager applyToWindow should set up webRequest handler on window session","status":"passed","title":"should set up webRequest handler on window session","duration":5.858400000000074,"failureMessages":[],"meta":{}},{"ancestorTitles":["CSPManager","applyToWindow"],"fullName":"CSPManager applyToWindow should inject CSP header into response headers","status":"passed","title":"should inject CSP header into response headers","duration":3.40969999999993,"failureMessages":[],"meta":{}},{"ancestorTitles":["CSPManager","applyToWindow"],"fullName":"CSPManager applyToWindow should preserve existing response headers","status":"passed","title":"should preserve existing response headers","duration":1.5009000000000015,"failureMessages":[],"meta":{}},{"ancestorTitles":["CSPManager","applyToWindow"],"fullName":"CSPManager applyToWindow should generate correct CSP header based on config","status":"passed","title":"should generate correct CSP header based on config","duration":0.9800000000000182,"failureMessages":[],"meta":{}},{"ancestorTitles":["CSPManager","CSP_POLICY constant"],"fullName":"CSPManager CSP_POLICY constant should have all required directives","status":"passed","title":"should have all required directives","duration":1.0924999999999727,"failureMessages":[],"meta":{}},{"ancestorTitles":["CSPManager","CSP_POLICY constant"],"fullName":"CSPManager CSP_POLICY constant should not have unsafe-inline in script-src","status":"passed","title":"should not have unsafe-inline in script-src","duration":1.4795000000001437,"failureMessages":[],"meta":{}},{"ancestorTitles":["CSPManager","CSP_POLICY constant"],"fullName":"CSPManager CSP_POLICY constant should have none for object-src","status":"passed","title":"should have none for object-src","duration":0.5665999999998803,"failureMessages":[],"meta":{}},{"ancestorTitles":["CSPManager","CSP_POLICY constant"],"fullName":"CSPManager CSP_POLICY constant should have none for frame-ancestors","status":"passed","title":"should have none for frame-ancestors","duration":0.582300000000032,"failureMessages":[],"meta":{}}],"startTime":1768643634361,"endTime":1768643634397.5823,"status":"passed","message":"","name":"C:/Users/81809/Desktop/娓呴亾澶?Dev-Janitor/src/main/security/cspManager.test.ts"},{"assertionResults":[{"ancestorTitles":["InputValidator","validatePackageName","valid npm package names"
[...]
ATH_TRAVERSAL_PATTERN"],"fullName":"InputValidator Pattern constants PATH_TRAVERSAL_PATTERN should match path traversal patterns","status":"passed","title":"should match path traversal patterns","duration":0.45900000000006,"failureMessages":[],"meta":{}},{"ancestorTitles":["InputValidator","Pattern constants","PATH_TRAVERSAL_PATTERN"],"fullName":"InputValidator Pattern constants PATH_TRAVERSAL_PATTERN should not match safe paths","status":"passed","title":"should not match safe paths","duration":0.33940000000006876,"failureMessages":[],"meta":{}},{"ancestorTitles":["InputValidator","Pattern constants","VALID_PACKAGE_MANAGERS"],"fullName":"InputValidator Pattern constants VALID_PACKAGE_MANAGERS should contain expected package managers","status":"passed","title":"should contain expected package managers","duration":1.9566999999999553,"failureMessages":[],"meta":{}},{"ancestorTitles":["InputValidator","Pattern constants","VALID_PACKAGE_MANAGERS"],"fullName":"InputValidator Pattern constants VALID_PACKAGE_MANAGERS should have exactly 3 package managers","status":"passed","title":"should have exactly 3 package managers","duration":0.5272999999999683,"failureMessages":[],"meta":{}}],"startTime":1768643634369,"endTime":1768643634410.5273,"status":"passed","message":"","name":"C:/Users/81809/Desktop/娓呴亾澶?Dev-Janitor/src/main/security/inputValidator.test.ts"},{"assertionResults":[{"ancestorTitles":["IPC Client with Timeout","DEFAULT_IPC_TIMEOUT"],"fullName":"IPC Client with Timeout DEFAULT_IPC_TIMEOUT should be 30 seconds (30000ms)","status":"passed","title":"should be 30 seconds (30000ms)","duration":5.299299999999903,"failureMessages":[],"meta":{}},{"ancestorTitles":["IPC Client with Timeout","IPCTimeoutError"],"fullName":"IPC Client with Timeout IPCTimeoutError should create error with correct properties","status":"passed","title":"should create error with correct properties","duration":1.4933000000000902,"failureMessages":[],"meta":{}},{"ancestorTitles":["IPC Client with Timeout","IPCTimeoutError"],"fullName":"IPC Client with Timeout IPCTimeoutError should be an instance of Error","status":"passed","title":"should be an instance of Error","duration":1.252999999999929,"failureMessages":[],"meta":{}},{"ancestorTitles":["IPC Client with Timeout","withTimeout"],"fullName":"IPC Client with Timeout withTimeout should resolve when promise resolves before timeout","status":"passed","title":"should resolve when promise resolves before timeout","duration":1.8654999999998836,"failureMessages":[],"meta":{}},{"ancestorTitles":["IPC Client with Timeout","withTimeout"],"fullName":"IPC Client with Timeout withTimeout should reject with IPCTimeoutError when timeout is exceeded","status":"passed","title":"should reject with IPCTimeoutError when timeout is exceeded","duration":5.573799999999892,"failureMessages":[],"meta":{}},{"ancestorTitles":["IPC Client with Timeout","withTimeout"],"fullName":"IPC Client with Timeout withTimeout should reject with original error when promise rejects before timeout","status":"passed","title":"should reject with original error when promise rejects before timeout","duration":2.2360000000001037,"failureMessages":[],"meta":{}},{"ancestorTitles":["IPC Client with Timeout","withTimeout"],"fullName":"IPC Client with Timeout withTimeout should clear timeout when promise resolves","status":"passed","title":"should clear timeout when promise resolves","duration":2.490199999999959,"failureMessages":[],"meta":{}},{"ancestorTitles":["IPC Client with Timeout","withTimeout"],"fullName":"IPC Client with Timeout withTimeout should clear timeout when promise rejects","status":"passed","title":"should clear timeout when promise rejects","duration":1.4758999999999105,"failureMessages":[],"meta":{}},{"ancestorTitles":["IPC Client with Timeout","invokeWithTimeout"],"fullName":"IPC Client with Timeout invokeWithTimeout should use default timeout when no options provided","status":"passed","title":"should use default timeout when no options provided","duration":2.545900000000074,"failureMessages":[],"meta":{}},{"ancestorTitles":["IPC Client with Timeout","invokeWithTimeout"],"fullName":"IPC Client with Timeout invokeWithTimeout should use custom timeout when provided","status":"passed","title":"should use custom timeout when provided","duration":1.3697000000001935,"failureMessages":[],"meta":{}},{"ancestorTitles":["IPC Client with Timeout","invokeWithTimeout"],"fullName":"IPC Client with Timeout invokeWithTimeout should retry on timeout when retries > 0","status":"passed","title":"should retry on timeout when retries > 0","duration":58.46329999999989,"failureMessages":[],"meta":{}},{"ancestorTitles":["IPC Client with Timeout","invokeWithTimeout"],"fullName":"IPC Client with Timeout invokeWithTimeout should not retry on non-timeout errors","status":"passed","title":"should not retry on non-timeout errors","duration":1.812599999999975,"failureMessages":[],"meta":{}},{"ancestorTitles":["IPC Client with Timeout","createIPCInvoker"],"fullName":"IPC Client with Timeout createIPCInvoker should create a function that invokes with timeout","status":"passed","title":"should create a function that invokes with timeout","duration":2.066100000000006,"failureMessages":[],"meta":{}},{"ancestorTitles":["IPC Client with Timeout","createIPCInvoker"],"fullName":"IPC Client with Timeout createIPCInvoker should pass arguments to the invoke function","status":"passed","title":"should pass arguments to the invoke function","duration":2.9186999999999443,"failureMessages":[],"meta":{}},{"ancestorTitles":["IPC Client with Timeout","createIPCInvoker"],"fullName":"IPC Client with Timeout createIPCInvoker should use default options","status":"passed","title":"should use default options","duration":1.5008000000000266,"failureMessages":[],"meta":{}},{"ancestorTitles":["IPC Client with Timeout","createIPCInvoker"],"fullName":"IPC Client with Timeout createIPCInvoker should allow overriding options per call","status":"passed","title":"should allow overriding options per call","duration":1.2002999999999702,"failureMessages":[],"meta":{}},{"ancestorTitles":["IPC Client with Timeout","isIPCTimeoutError"],"fullName":"IPC Client with Timeout isIPCTimeoutError should return true for IPCTimeoutError","status":"passed","title":"should return true for IPCTimeoutError","duration":0.8215999999999894,"failureMessages":[],"meta":{}},{"ancestorTitles":["IPC Client with Timeout","isIPCTimeoutError"],"fullName":"IPC Client with Timeout isIPCTimeoutError should return false for regular Error","status":"passed","title":"should return false for regular Error","duration":0.726799999999912,"failureMessages":[],"meta":{}},{"ancestorTitles":["IPC Client with Timeout","isIPCTimeoutError"],"fullName":"IPC Client with Timeout isIPCTimeoutError should return false for non-error values","status":"passed","title":"should return false for non-error values","duration":0.7000000000000455,"failureMessages":[],"meta":{}},{"ancestorTitles":["IPC Client with Timeout","getIPCErrorMessage"],"fullName":"IPC Client with Timeout getIPCErrorMessage should return timeout message for IPCTimeoutError","status":"passed","title":"should return timeout message for IPCTimeoutError","duration":0.7836999999999534,"failureMessages":[],"meta":{}},{"ancestorTitles":["IPC Client with Timeout","getIPCErrorMessage"],"fullName":"IPC Client with Timeout getIPCErrorMessage should return error message for regular Error","status":"passed","title":"should return error message for regular Error","duration":0.5907000000001972,"failureMessages":[],"meta":{}},{"ancestorTitles":["IPC Client with Timeout","getIPCErrorMessage"],"fullName":"IPC Client with Timeout getIPCErrorMessage should return default message for non-error values","status":"passed","title":"should return default message for non-error values","duration":0.4873999999999796,"failureMessages":[],"meta":{}},{"ancestorTitles":["IPC Client with Timeout","getIPCErrorMessage"],"fullName":"IPC Client with Timeout getIPCErrorMessage should use custom default message when provided","status":"passed","title":"should use custom default message when provided","duration":0.6682999999998174,"failureMessages":[],"meta":{}}],"startTime":1768643635664,"endTime":1768643635764.6682,"status":"passed","message":"","name":"C:/Users/81809/Desktop/娓呴亾澶?Dev-Janitor/src/renderer/ipc/ipcClientWithTimeout.test.ts"},{"assertionResults":[],"startTime":1768643632496,"endTime":1768643632496,"status":"failed","message":"Cannot initialize local storage without a `--localstorage-file` path","name":"C:/Users/81809/Desktop/娓呴亾澶?Dev-Janitor/src/renderer/i18n/index.test.ts"},{"assertionResults":[{"ancestorTitles":["AppStore","Initial State"],"fullName":"AppStore Initial State should have correct initial state","status":"passed","title":"should have correct initial state","duration":5.072100000000319,"failureMessages":[],"meta":{}},{"ancestorTitles":["AppStore","Language Management"],"fullName":"AppStore Language Management should set language correctly","status":"passed","title":"should set language correctly","duration":2.395599999999831,"failureMessages":[],"meta":{}},{"ancestorTitles":["AppStore","Language Management"],"fullName":"AppStore Language Management should only accept supported languages","status":"passed","title":"should only accept supported languages","duration":1.0596000000000458,"failureMessages":[],"meta":{}},{"ancestorTitles":["AppStore","Language Management"],"fullName":"AppStore Language Management should persist language preference for all supported languages","status":"passed","title":"should persist language preference for all supported languages","duration":12.395399999999881,"failureMessages":[],"meta":{}},{"ancestorTitles":["AppStore","View Management"],"fullName":"AppStore View Management should set current view correctly","status":"passed","title":"should set current view correctly","duration":1.3051000000000386,"failureMessages":[],"meta":{}},{"ancestorTitles":["AppStore","View Management"],"fullName":"AppStore View Management should correctly set any valid view type","status":"passed","title":"should correctly set any valid view type","duration":6.1810999999997875,"failureMessages":[],"meta":{}},{"ancestorTitles":["AppStore","Tools State"],"fullName":"AppStore Tools State should set tools correctly","status":"passed","title":"should set tools correctly","duration":0.8451000000000022,"failureMessages":[],"meta":{}},{"ancestorTitles":["AppStore","Tools State"],"fullName":"AppStore Tools State should set tools loading state","status":"passed","title":"should set tools loading state","duration":1.0115000000000691,"failureMessages":[],"meta":{}},{"ancestorTitles":["AppStore","Tools State"],"fullName":"AppStore Tools State should set tools error state","status":"passed","title":"should set tools error state","duration":0.9205999999999221,"failureMessages":[],"meta":{}},{"ancestorTitles":["AppStore","Tools State"],"fullName":"AppStore Tools State should correctly store any array of tools","status":"passed","title":"should correctly store any array of tools","duration":72.8181999999997,"failureMessages":[],"meta":{}},{"ancestorTitles":["AppStore","Packages State"],"fullName":"AppStore Packages State should set npm packages correctly","status":"passed","title":"should set npm packages correctly","duration":1.641700000000128,"failureMessages":[],"meta":{}},{"ancestorTitles":["AppStore","Packages State"],"fullName":"AppStore Packages State should set pip packages correctly","status":"passed","title":"should set pip packages correctly","duration":1.3179999999997563,"failureMessages":[],"meta":{}},{"ancestorTitles":["AppStore","Packages State"],"fullName":"AppStore Packages State should set composer packages correctly","status":"passed","title":"should set composer packages correctly","duration":0.9506000000001222,"failureMessages":[],"meta":{}},{"ancestorTitles":["AppStore","Services State"],"fullName":"AppStore Services State should set running services correctly","status":"passed","title":"should set running services correctly","duration":1.1048000000000684,"failureMessages":[],"meta":{}},{"ancestorTitles":["AppStore","Services State"],"fullName":"AppStore Services State should set services loading state","status":"passed","title":"should set services loading state","duration":1.6972000000000662,"failureMessages":[],"meta":{}},{"ancestorTitles":["AppStore","Environment State"],"fullName":"AppStore Environment State should set environment variables correctly","status":"passed","title":"should set environment variables correctly","duration":0.8362000000001899,"failureMessages":[],"meta":{}},{"ancestorTitles":["AppStore","Environment State"],"fullName":"AppStore Environment State should set path entries correctly","status":"passed","title":"should set path entries correctly","duration":0.6248999999997977,"failureMessages":[],"meta":{}},{"ancestorTitles":["AppStore","Error Handling"],"fullName":"AppStore Error Handling should clear all errors","status":"passed","title":"should clear all errors","duration":2.2229999999999563,"failureMessages":[],"meta":{}},{"ancestorTitles":["AppStore","Detection Progress"],"fullName":"AppStore Detection Progress should set detection progress correctly","status":"passed","title":"should set detection progress correctly","duration":0.7485999999998967,"failureMessages":[],"meta":{}},{"ancestorTitles":["AppStore","Detection Progress"],"fullName":"AppStore Detection Progress should correctly store any progress value","status":"passed","title":"should correctly store any progress value","duration":8.63630000000012,"failureMessages":[],"meta":{}},{"ancestorTitles":["Store Hooks"],"fullName":"Store Hooks should export useAppStore hook","status":"passed","title":"should export useAppStore hook","duration":0.5920999999998457,"failureMessages":[],"meta":{}},{"ancestorTitles":["Store Hooks"],"fullName":"Store Hooks should allow selecting specific state slices","status":"passed","title":"should allow selecting specific state slices","duration":0.4722999999999047,"failureMessages":[],"meta":{}}],"startTime":1768643635129,"endTime":1768643635257.4724,"status":"passed","message":"","name":"C:/Users/81809/Desktop/娓呴亾澶?Dev-Janitor/src/renderer/store/index.test.ts"},{"assertionResults":[{"ancestorTitles":["Property 9: Error Logging Consistency"],"fullName":"Property 9: Error Logging Consistency should log error with all required fields","status":"passed","title":"should log error with all required fields","duration":5.900200000000041,"failureMessages":[],"meta":{}},{"ancestorTitles":["Property 9: Error Logging Consistency"],"fullName":"Property 9: Error Logging Consistency should include stack trace in error log","status":"passed","title":"should include stack trace in error log","duration":0.6622999999999593,"failureMessages":[],"meta":{}},{"ancestorTitles":["Property 9: Error Logging Consistency"],"fullName":"Property 9: Error Logging Consistency should include additional info when provided","status":"passed","title":"should include additional info when provided","duration":0.5501000000003842,"failureMessages":[],"meta":{}},{"ancestorTitles":["Property 9: Error Logging Consistency"],"fullName":"Property 9: Error Logging Consistency should consistently log errors with valid timestamps for any error","status":"passed","title":"should consistently log errors with valid timestamps for any error","duration":19.5604000000003,"failureMessages":[],"meta":{}},{"ancestorTitles":["Property 9: Error Logging Consistency"],"fullName":"Property 9: Error Logging Consistency should log errors with different error types consistently","status":"passed","title":"should log errors with different error types consistently","duration":1.5379999999986467,"failureMessages":[],"meta":{}},{"ancestorTitles":["Property 10: Error Display"],"fullName":"Property 10: Error Display should format error messages for display","status":"passed","title":"should format error messages for display","duration":0.36160000000018044,"failureMessages":[],"meta":{}},{"ancestorTitles":["Property 10: Error Display"],"fullName":"Property 10: Error Display should extract displayable message from any error","status":"passed","title":"should extract displayable message from any error","duration":1.8893000000007305,"failureMessages":[],"meta":{}},{"ancestorTitles":["Property 10: Error Display"],"fullName":"Property 10: Error Display should handle errors with special characters in messages","status":"passed","title":"should handle errors with special characters in messages","duration":0.9373999999988882,"failureMessages":[],"meta":{}},{"ancestorTitles":["Property 10: Error Display"],"fullName":"Property 10: Error Display should provide error name for categorization","status":"passed","title":"should provide error name for categorization","duration":0.4823000000014872,"failureMessages":[],"meta":{}},{"ancestorTitles":["Property 11: Partial Failure Resilience"],"fullName":"Property 11: Partial Failure Resilience should return successful results even when some detections fail","status":"passed","title":"should return successful results even when some detections fail","duration":0.5347000000001572,"failureMessages":[],"meta":{}},{"ancestorTitles":["Property 11: Partial Failure Resilience"],"fullName":"Property 11: Partial Failure Resilience should handle any combination of successes and failures","status":"passed","title":"should handle any combination of successes and failures","duration":3.2489999999997963,"failureMessages":[],"meta":{}},{"ancestorTitles":["Property 11: Partial Failure Resilience"],"fullName":"Property 11: Partial Failure Resilience should continue processing after encountering errors","status":"passed","title":"should continue processing after encountering errors","duration":0.5900000000001455,"failureMessages":[],"meta":{}},{"ancestorTitles":["Property 11: Partial Failure Resilience"],"fullName":"Property 11: Partial Failure Resilience should preserve order of results regardless of failures","status":"passed","title":"should preserve order of results regardless of failures","duration":0.28919999999925494,"failureMessages":[],"meta":{}},{"ancestorTitles":["Property 11: Partial Failure Resilience"],"fullName":"Property 11: Partial Failure Resilience should handle all operations failing gracefully","status":"passed","title":"should handle all operations failing gracefully","duration":0.22849999999925785,"failureMessages":[],"meta":{}},{"ancestorTitles":["Property 11: Partial Failure Resilience"],"fullName":"Property 11: Partial Failure Resilience should handle all operations succeeding","status":"passed","title":"should handle all operations succeeding","duration":0.2175999999999476,"failureMessages":[],"meta":{}},{"ancestorTitles":["Error Boundary Integration"],"fullName":"Error Boundary Integration should export logError function","status":"passed","title":"should export logError function","duration":0.20319999999992433,"failureMessages":[],"meta":{}},{"ancestorTitles":["Error Boundary Integration"],"fullName":"Error Boundary Integration should handle undefined additional info","status":"passed","title":"should handle undefined additional info","duration":1.144399999999223,"failureMessages":[],"meta":{}},{"ancestorTitles":["Error Boundary Integration"],"fullName":"Error Boundary Integration should handle empty context","status":"passed","title":"should handle empty context","duration":0.5093999999990046,"failureMessages":[],"meta":{}},{"ancestorTitles":["Error Boundary Integration"],"fullName":"Error Boundary Integration should handle any valid error and context combination","status":"passed","title":"should handle any valid error and context combination","duration":51.10319999999956,"failureMessages":[],"meta":{}}],"startTime":1768643643960,"endTime":1768643644051.1033,"status":"passed","message":"","name":"C:/Users/81809/Desktop/娓呴亾澶?Dev-Janitor/src/renderer/components/Common/ErrorBoundary.test.ts"}]}
